<?xml version="1.0" encoding="UTF-8"?>
<testng-results skipped="0" failed="0" total="1" passed="1">
  <reporter-output>
  </reporter-output>
  <suite name="Default suite" duration-ms="11725" started-at="2020-03-12T06:30:11Z" finished-at="2020-03-12T06:30:23Z">
    <groups>
    </groups>
    <test name="Default test" duration-ms="11725" started-at="2020-03-12T06:30:11Z" finished-at="2020-03-12T06:30:23Z">
      <class name="com.Testcases.TestCase">
        <test-method status="PASS" signature="Startup()[pri:0, instance:com.Testcases.TestCase@3aa9e816]" name="Startup" is-config="true" duration-ms="8058" started-at="2020-03-12T12:00:11Z" finished-at="2020-03-12T12:00:19Z">
          <reporter-output>
          </reporter-output>
        </test-method> <!-- Startup -->
        <test-method status="PASS" signature="DownloadedIEDriver64BIT()[pri:0, instance:com.Testcases.TestCase@3aa9e816]" name="DownloadedIEDriver64BIT" duration-ms="2929" started-at="2020-03-12T12:00:19Z" finished-at="2020-03-12T12:00:22Z">
          <reporter-output>
          </reporter-output>
        </test-method> <!-- DownloadedIEDriver64BIT -->
        <test-method status="PASS" signature="close()[pri:0, instance:com.Testcases.TestCase@3aa9e816]" name="close" is-config="true" duration-ms="718" started-at="2020-03-12T12:00:22Z" finished-at="2020-03-12T12:00:23Z">
          <reporter-output>
          </reporter-output>
        </test-method> <!-- close -->
      </class> <!-- com.Testcases.TestCase -->
    </test> <!-- Default test -->
  </suite> <!-- Default suite -->
</testng-results>
